\BOOKMARK [1][-]{section.1}{\376\377\0001\000\040\000O\000v\000e\000r\000v\000i\000e\000w}{}% 1
\BOOKMARK [2][-]{subsection.1.1}{\376\377\0001\000.\0001\000\040\000C\000o\000n\000t\000e\000n\000t}{section.1}% 2
\BOOKMARK [2][-]{subsection.1.2}{\376\377\0001\000.\0002\000\040\000I\000n\000t\000r\000o\000d\000u\000c\000t\000i\000o\000n}{section.1}% 3
\BOOKMARK [3][-]{subsubsection.1.2.1}{\376\377\0001\000.\0002\000.\0001\000\040\000M\000o\000d\000u\000l\000e}{subsection.1.2}% 4
\BOOKMARK [3][-]{subsubsection.1.2.2}{\376\377\0001\000.\0002\000.\0002\000\040\000P\000r\000o\000j\000e\000c\000t}{subsection.1.2}% 5
\BOOKMARK [3][-]{subsubsection.1.2.3}{\376\377\0001\000.\0002\000.\0003\000\040\000L\000a\000n\000g\000u\000a\000g\000e}{subsection.1.2}% 6
\BOOKMARK [3][-]{subsubsection.1.2.4}{\376\377\0001\000.\0002\000.\0004\000\040\000G\000r\000a\000p\000h\000s}{subsection.1.2}% 7
\BOOKMARK [2][-]{subsection.1.3}{\376\377\0001\000.\0003\000\040\000C\000E\000U\000S\000\040\000A\000P\000I}{section.1}% 8
\BOOKMARK [3][-]{subsubsection.1.3.1}{\376\377\0001\000.\0003\000.\0001\000\040\000a\000u\000t\000h\000.\000p\000h\000p}{subsection.1.3}% 9
\BOOKMARK [3][-]{subsubsection.1.3.2}{\376\377\0001\000.\0003\000.\0002\000\040\000l\000i\000s\000t\000.\000p\000h\000p}{subsection.1.3}% 10
\BOOKMARK [3][-]{subsubsection.1.3.3}{\376\377\0001\000.\0003\000.\0003\000\040\000c\000u\000r\000r\000.\000p\000h\000p}{subsection.1.3}% 11
\BOOKMARK [3][-]{subsubsection.1.3.4}{\376\377\0001\000.\0003\000.\0004\000\040\000d\000e\000t\000a\000i\000l\000.\000p\000h\000p}{subsection.1.3}% 12
\BOOKMARK [3][-]{subsubsection.1.3.5}{\376\377\0001\000.\0003\000.\0005\000\040\000E\000r\000r\000o\000r\000s}{subsection.1.3}% 13
\BOOKMARK [2][-]{subsection.1.4}{\376\377\0001\000.\0004\000\040\000M\000o\000d\000u\000l\000e\000s}{section.1}% 14
\BOOKMARK [3][-]{subsubsection.1.4.1}{\376\377\0001\000.\0004\000.\0001\000\040\000C\000E\000U\000S\0002\000D\000r\000u\000p\000a\000l}{subsection.1.4}% 15
\BOOKMARK [3][-]{subsubsection.1.4.2}{\376\377\0001\000.\0004\000.\0002\000\040\000D\000r\000u\000p\000a\000l\0002\000I\000T\000S\000V}{subsection.1.4}% 16
\BOOKMARK [3][-]{subsubsection.1.4.3}{\376\377\0001\000.\0004\000.\0003\000\040\000D\000r\000u\000p\000a\000l\0002\000P\000D\000F}{subsection.1.4}% 17
\BOOKMARK [3][-]{subsubsection.1.4.4}{\376\377\0001\000.\0004\000.\0004\000\040\000D\000r\000u\000p\000a\000l\0002\000A\000G\000G}{subsection.1.4}% 18
\BOOKMARK [3][-]{subsubsection.1.4.5}{\376\377\0001\000.\0004\000.\0005\000\040\000M\000o\000d\000u\000l\000e\000\040\000I\000n\000t\000e\000g\000r\000a\000t\000i\000o\000n\000\040\000i\000n\000t\000o\000\040\000D\000r\000u\000p\000a\000l}{subsection.1.4}% 19
\BOOKMARK [2][-]{subsection.1.5}{\376\377\0001\000.\0005\000\040\000D\000e\000v\000e\000l\000o\000p\000m\000e\000n\000t}{section.1}% 20
\BOOKMARK [3][-]{subsubsection.1.5.1}{\376\377\0001\000.\0005\000.\0001\000\040\000A\000u\000t\000h\000o\000r\000s}{subsection.1.5}% 21
\BOOKMARK [3][-]{subsubsection.1.5.2}{\376\377\0001\000.\0005\000.\0002\000\040\000V\000e\000r\000s\000i\000o\000n\000\040\000N\000u\000m\000b\000e\000r\000s}{subsection.1.5}% 22
\BOOKMARK [3][-]{subsubsection.1.5.3}{\376\377\0001\000.\0005\000.\0003\000\040\000V\000e\000r\000s\000i\000o\000n\000\040\000C\000o\000n\000t\000r\000o\000l}{subsection.1.5}% 23
\BOOKMARK [2][-]{subsection.1.6}{\376\377\0001\000.\0006\000\040\000I\000n\000c\000l\000u\000d\000e\000d\000\040\000L\000i\000b\000r\000a\000r\000i\000e\000s\000/\000F\000i\000l\000e\000s}{section.1}% 24
\BOOKMARK [1][-]{section.2}{\376\377\0002\000\040\000M\000o\000d\000u\000l\000e\000\040\000I\000n\000d\000e\000x}{}% 25
\BOOKMARK [2][-]{subsection.2.1}{\376\377\0002\000.\0001\000\040\000M\000o\000d\000u\000l\000e\000s}{section.2}% 26
\BOOKMARK [1][-]{section.3}{\376\377\0003\000\040\000H\000i\000e\000r\000a\000r\000c\000h\000i\000c\000a\000l\000\040\000I\000n\000d\000e\000x}{}% 27
\BOOKMARK [2][-]{subsection.3.1}{\376\377\0003\000.\0001\000\040\000C\000l\000a\000s\000s\000\040\000H\000i\000e\000r\000a\000r\000c\000h\000y}{section.3}% 28
\BOOKMARK [1][-]{section.4}{\376\377\0004\000\040\000D\000a\000t\000a\000\040\000S\000t\000r\000u\000c\000t\000u\000r\000e\000\040\000I\000n\000d\000e\000x}{}% 29
\BOOKMARK [2][-]{subsection.4.1}{\376\377\0004\000.\0001\000\040\000D\000a\000t\000a\000\040\000S\000t\000r\000u\000c\000t\000u\000r\000e\000s}{section.4}% 30
\BOOKMARK [1][-]{section.5}{\376\377\0005\000\040\000F\000i\000l\000e\000\040\000I\000n\000d\000e\000x}{}% 31
\BOOKMARK [2][-]{subsection.5.1}{\376\377\0005\000.\0001\000\040\000F\000i\000l\000e\000\040\000L\000i\000s\000t}{section.5}% 32
\BOOKMARK [1][-]{section.6}{\376\377\0006\000\040\000M\000o\000d\000u\000l\000e\000\040\000D\000o\000c\000u\000m\000e\000n\000t\000a\000t\000i\000o\000n}{}% 33
\BOOKMARK [2][-]{subsection.6.1}{\376\377\0006\000.\0001\000\040\000C\000E\000U\000S\0002\000D\000r\000u\000p\000a\000l}{section.6}% 34
\BOOKMARK [3][-]{subsubsection.6.1.1}{\376\377\0006\000.\0001\000.\0001\000\040\000D\000e\000t\000a\000i\000l\000e\000d\000\040\000D\000e\000s\000c\000r\000i\000p\000t\000i\000o\000n}{subsection.6.1}% 35
\BOOKMARK [3][-]{subsubsection.6.1.2}{\376\377\0006\000.\0001\000.\0002\000\040\000F\000u\000n\000c\000t\000i\000o\000n\000\040\000D\000o\000c\000u\000m\000e\000n\000t\000a\000t\000i\000o\000n}{subsection.6.1}% 36
\BOOKMARK [2][-]{subsection.6.2}{\376\377\0006\000.\0002\000\040\000D\000r\000u\000p\000a\000l\0002\000A\000G\000G}{section.6}% 37
\BOOKMARK [3][-]{subsubsection.6.2.1}{\376\377\0006\000.\0002\000.\0001\000\040\000D\000e\000t\000a\000i\000l\000e\000d\000\040\000D\000e\000s\000c\000r\000i\000p\000t\000i\000o\000n}{subsection.6.2}% 38
\BOOKMARK [3][-]{subsubsection.6.2.2}{\376\377\0006\000.\0002\000.\0002\000\040\000D\000r\000u\000p\000a\000l\000\040\000J\000S\000O\000N\000\040\000I\000n\000t\000e\000r\000f\000a\000c\000e}{subsection.6.2}% 39
\BOOKMARK [3][-]{subsubsection.6.2.3}{\376\377\0006\000.\0002\000.\0003\000\040\000C\000K\000E\000d\000i\000t\000o\000r\000\040\000P\000l\000u\000g\000-\000i\000n}{subsection.6.2}% 40
\BOOKMARK [3][-]{subsubsection.6.2.4}{\376\377\0006\000.\0002\000.\0004\000\040\000G\000r\000a\000p\000h\000.\000j\000s}{subsection.6.2}% 41
\BOOKMARK [3][-]{subsubsection.6.2.5}{\376\377\0006\000.\0002\000.\0005\000\040\000F\000u\000n\000c\000t\000i\000o\000n\000\040\000D\000o\000c\000u\000m\000e\000n\000t\000a\000t\000i\000o\000n}{subsection.6.2}% 42
\BOOKMARK [2][-]{subsection.6.3}{\376\377\0006\000.\0003\000\040\000D\000r\000u\000p\000a\000l\0002\000P\000D\000F}{section.6}% 43
\BOOKMARK [3][-]{subsubsection.6.3.1}{\376\377\0006\000.\0003\000.\0001\000\040\000D\000e\000t\000a\000i\000l\000e\000d\000\040\000D\000e\000s\000c\000r\000i\000p\000t\000i\000o\000n}{subsection.6.3}% 44
\BOOKMARK [3][-]{subsubsection.6.3.2}{\376\377\0006\000.\0003\000.\0002\000\040\000F\000u\000n\000c\000t\000i\000o\000n\000\040\000D\000o\000c\000u\000m\000e\000n\000t\000a\000t\000i\000o\000n}{subsection.6.3}% 45
\BOOKMARK [2][-]{subsection.6.4}{\376\377\0006\000.\0004\000\040\000M\000o\000d\000u\000l\000e\000\040\000C\000o\000r\000e}{section.6}% 46
\BOOKMARK [3][-]{subsubsection.6.4.1}{\376\377\0006\000.\0004\000.\0001\000\040\000D\000e\000t\000a\000i\000l\000e\000d\000\040\000D\000e\000s\000c\000r\000i\000p\000t\000i\000o\000n}{subsection.6.4}% 47
\BOOKMARK [3][-]{subsubsection.6.4.2}{\376\377\0006\000.\0004\000.\0002\000\040\000F\000u\000n\000c\000t\000i\000o\000n\000\040\000D\000o\000c\000u\000m\000e\000n\000t\000a\000t\000i\000o\000n}{subsection.6.4}% 48
\BOOKMARK [2][-]{subsection.6.5}{\376\377\0006\000.\0005\000\040\000D\000r\000u\000p\000a\000l\0002\000I\000T\000S\000V}{section.6}% 49
\BOOKMARK [3][-]{subsubsection.6.5.1}{\376\377\0006\000.\0005\000.\0001\000\040\000D\000e\000t\000a\000i\000l\000e\000d\000\040\000D\000e\000s\000c\000r\000i\000p\000t\000i\000o\000n}{subsection.6.5}% 50
\BOOKMARK [3][-]{subsubsection.6.5.2}{\376\377\0006\000.\0005\000.\0002\000\040\000F\000u\000n\000c\000t\000i\000o\000n\000\040\000D\000o\000c\000u\000m\000e\000n\000t\000a\000t\000i\000o\000n}{subsection.6.5}% 51
\BOOKMARK [1][-]{section.7}{\376\377\0007\000\040\000D\000a\000t\000a\000\040\000S\000t\000r\000u\000c\000t\000u\000r\000e\000\040\000D\000o\000c\000u\000m\000e\000n\000t\000a\000t\000i\000o\000n}{}% 52
\BOOKMARK [2][-]{subsection.7.1}{\376\377\0007\000.\0001\000\040\000c\000e\000u\000s\000\137\000i\000m\000p\000o\000r\000t\000e\000r\000\040\000C\000l\000a\000s\000s\000\040\000R\000e\000f\000e\000r\000e\000n\000c\000e}{section.7}% 53
\BOOKMARK [3][-]{subsubsection.7.1.1}{\376\377\0007\000.\0001\000.\0001\000\040\000D\000e\000t\000a\000i\000l\000e\000d\000\040\000D\000e\000s\000c\000r\000i\000p\000t\000i\000o\000n}{subsection.7.1}% 54
\BOOKMARK [3][-]{subsubsection.7.1.2}{\376\377\0007\000.\0001\000.\0002\000\040\000C\000o\000n\000s\000t\000r\000u\000c\000t\000o\000r\000\040\000\046\000\040\000D\000e\000s\000t\000r\000u\000c\000t\000o\000r\000\040\000D\000o\000c\000u\000m\000e\000n\000t\000a\000t\000i\000o\000n}{subsection.7.1}% 55
\BOOKMARK [3][-]{subsubsection.7.1.3}{\376\377\0007\000.\0001\000.\0003\000\040\000M\000e\000m\000b\000e\000r\000\040\000F\000u\000n\000c\000t\000i\000o\000n\000\040\000D\000o\000c\000u\000m\000e\000n\000t\000a\000t\000i\000o\000n}{subsection.7.1}% 56
\BOOKMARK [3][-]{subsubsection.7.1.4}{\376\377\0007\000.\0001\000.\0004\000\040\000F\000i\000e\000l\000d\000\040\000D\000o\000c\000u\000m\000e\000n\000t\000a\000t\000i\000o\000n}{subsection.7.1}% 57
\BOOKMARK [2][-]{subsection.7.2}{\376\377\0007\000.\0002\000\040\000c\000o\000n\000t\000e\000n\000t\000\137\000m\000a\000n\000a\000g\000e\000r\000\040\000C\000l\000a\000s\000s\000\040\000R\000e\000f\000e\000r\000e\000n\000c\000e}{section.7}% 58
\BOOKMARK [3][-]{subsubsection.7.2.1}{\376\377\0007\000.\0002\000.\0001\000\040\000D\000e\000t\000a\000i\000l\000e\000d\000\040\000D\000e\000s\000c\000r\000i\000p\000t\000i\000o\000n}{subsection.7.2}% 59
\BOOKMARK [3][-]{subsubsection.7.2.2}{\376\377\0007\000.\0002\000.\0002\000\040\000M\000e\000m\000b\000e\000r\000\040\000F\000u\000n\000c\000t\000i\000o\000n\000\040\000D\000o\000c\000u\000m\000e\000n\000t\000a\000t\000i\000o\000n}{subsection.7.2}% 60
\BOOKMARK [2][-]{subsection.7.3}{\376\377\0007\000.\0003\000\040\000o\000v\000e\000r\000v\000i\000e\000w\000P\000D\000F\000\040\000C\000l\000a\000s\000s\000\040\000R\000e\000f\000e\000r\000e\000n\000c\000e}{section.7}% 61
\BOOKMARK [3][-]{subsubsection.7.3.1}{\376\377\0007\000.\0003\000.\0001\000\040\000D\000e\000t\000a\000i\000l\000e\000d\000\040\000D\000e\000s\000c\000r\000i\000p\000t\000i\000o\000n}{subsection.7.3}% 62
\BOOKMARK [3][-]{subsubsection.7.3.2}{\376\377\0007\000.\0003\000.\0002\000\040\000M\000e\000m\000b\000e\000r\000\040\000F\000u\000n\000c\000t\000i\000o\000n\000\040\000D\000o\000c\000u\000m\000e\000n\000t\000a\000t\000i\000o\000n}{subsection.7.3}% 63
\BOOKMARK [3][-]{subsubsection.7.3.3}{\376\377\0007\000.\0003\000.\0003\000\040\000F\000i\000e\000l\000d\000\040\000D\000o\000c\000u\000m\000e\000n\000t\000a\000t\000i\000o\000n}{subsection.7.3}% 64
\BOOKMARK [2][-]{subsection.7.4}{\376\377\0007\000.\0004\000\040\000T\000C\000P\000D\000F\000\040\000C\000l\000a\000s\000s\000\040\000R\000e\000f\000e\000r\000e\000n\000c\000e}{section.7}% 65
\BOOKMARK [1][-]{section.8}{\376\377\0008\000\040\000F\000i\000l\000e\000\040\000D\000o\000c\000u\000m\000e\000n\000t\000a\000t\000i\000o\000n}{}% 66
\BOOKMARK [2][-]{subsection.8.1}{\376\377\0008\000.\0001\000\040\000c\000e\000u\000s\000\137\000i\000m\000p\000o\000r\000t\000e\000r\000.\000i\000n\000c\000.\000p\000h\000p\000\040\000F\000i\000l\000e\000\040\000R\000e\000f\000e\000r\000e\000n\000c\000e}{section.8}% 67
\BOOKMARK [3][-]{subsubsection.8.1.1}{\376\377\0008\000.\0001\000.\0001\000\040\000D\000e\000t\000a\000i\000l\000e\000d\000\040\000D\000e\000s\000c\000r\000i\000p\000t\000i\000o\000n}{subsection.8.1}% 68
\BOOKMARK [2][-]{subsection.8.2}{\376\377\0008\000.\0002\000\040\000c\000o\000n\000t\000e\000n\000t\000\137\000m\000a\000n\000a\000g\000e\000r\000.\000i\000n\000c\000.\000p\000h\000p\000\040\000F\000i\000l\000e\000\040\000R\000e\000f\000e\000r\000e\000n\000c\000e}{section.8}% 69
\BOOKMARK [3][-]{subsubsection.8.2.1}{\376\377\0008\000.\0002\000.\0001\000\040\000D\000e\000t\000a\000i\000l\000e\000d\000\040\000D\000e\000s\000c\000r\000i\000p\000t\000i\000o\000n}{subsection.8.2}% 70
\BOOKMARK [2][-]{subsection.8.3}{\376\377\0008\000.\0003\000\040\000g\000r\000a\000p\000h\000.\000j\000s\000\040\000F\000i\000l\000e\000\040\000R\000e\000f\000e\000r\000e\000n\000c\000e}{section.8}% 71
\BOOKMARK [3][-]{subsubsection.8.3.1}{\376\377\0008\000.\0003\000.\0001\000\040\000D\000e\000t\000a\000i\000l\000e\000d\000\040\000D\000e\000s\000c\000r\000i\000p\000t\000i\000o\000n}{subsection.8.3}% 72
\BOOKMARK [3][-]{subsubsection.8.3.2}{\376\377\0008\000.\0003\000.\0002\000\040\000F\000u\000n\000c\000t\000i\000o\000n\000\040\000D\000o\000c\000u\000m\000e\000n\000t\000a\000t\000i\000o\000n}{subsection.8.3}% 73
\BOOKMARK [3][-]{subsubsection.8.3.3}{\376\377\0008\000.\0003\000.\0003\000\040\000V\000a\000r\000i\000a\000b\000l\000e\000\040\000D\000o\000c\000u\000m\000e\000n\000t\000a\000t\000i\000o\000n}{subsection.8.3}% 74
\BOOKMARK [2][-]{subsection.8.4}{\376\377\0008\000.\0004\000\040\000M\000a\000i\000n\000p\000a\000g\000e\000.\000d\000o\000x\000\040\000F\000i\000l\000e\000\040\000R\000e\000f\000e\000r\000e\000n\000c\000e}{section.8}% 75
\BOOKMARK [2][-]{subsection.8.5}{\376\377\0008\000.\0005\000\040\000p\000d\000f\000\137\000c\000r\000e\000a\000t\000o\000r\000.\000i\000n\000c\000.\000p\000h\000p\000\040\000F\000i\000l\000e\000\040\000R\000e\000f\000e\000r\000e\000n\000c\000e}{section.8}% 76
\BOOKMARK [3][-]{subsubsection.8.5.1}{\376\377\0008\000.\0005\000.\0001\000\040\000D\000e\000t\000a\000i\000l\000e\000d\000\040\000D\000e\000s\000c\000r\000i\000p\000t\000i\000o\000n}{subsection.8.5}% 77
\BOOKMARK [2][-]{subsection.8.6}{\376\377\0008\000.\0006\000\040\000p\000l\000u\000g\000i\000n\000.\000j\000s\000\040\000F\000i\000l\000e\000\040\000R\000e\000f\000e\000r\000e\000n\000c\000e}{section.8}% 78
\BOOKMARK [3][-]{subsubsection.8.6.1}{\376\377\0008\000.\0006\000.\0001\000\040\000D\000e\000t\000a\000i\000l\000e\000d\000\040\000D\000e\000s\000c\000r\000i\000p\000t\000i\000o\000n}{subsection.8.6}% 79
\BOOKMARK [3][-]{subsubsection.8.6.2}{\376\377\0008\000.\0006\000.\0002\000\040\000F\000u\000n\000c\000t\000i\000o\000n\000\040\000D\000o\000c\000u\000m\000e\000n\000t\000a\000t\000i\000o\000n}{subsection.8.6}% 80
\BOOKMARK [2][-]{subsection.8.7}{\376\377\0008\000.\0007\000\040\000s\000t\000u\000k\000o\000w\000i\000n\000.\000i\000n\000s\000t\000a\000l\000l\000\040\000F\000i\000l\000e\000\040\000R\000e\000f\000e\000r\000e\000n\000c\000e}{section.8}% 81
\BOOKMARK [3][-]{subsubsection.8.7.1}{\376\377\0008\000.\0007\000.\0001\000\040\000D\000e\000t\000a\000i\000l\000e\000d\000\040\000D\000e\000s\000c\000r\000i\000p\000t\000i\000o\000n}{subsection.8.7}% 82
\BOOKMARK [2][-]{subsection.8.8}{\376\377\0008\000.\0008\000\040\000s\000t\000u\000k\000o\000w\000i\000n\000.\000m\000o\000d\000u\000l\000e\000\040\000F\000i\000l\000e\000\040\000R\000e\000f\000e\000r\000e\000n\000c\000e}{section.8}% 83
\BOOKMARK [3][-]{subsubsection.8.8.1}{\376\377\0008\000.\0008\000.\0001\000\040\000D\000e\000t\000a\000i\000l\000e\000d\000\040\000D\000e\000s\000c\000r\000i\000p\000t\000i\000o\000n}{subsection.8.8}% 84
\BOOKMARK [3][-]{subsubsection.8.8.2}{\376\377\0008\000.\0008\000.\0002\000\040\000F\000u\000n\000c\000t\000i\000o\000n\000\040\000D\000o\000c\000u\000m\000e\000n\000t\000a\000t\000i\000o\000n}{subsection.8.8}% 85
\BOOKMARK [2][-]{subsection.8.9}{\376\377\0008\000.\0009\000\040\000s\000t\000u\000k\000o\000w\000i\000n\000\137\000c\000u\000r\000r\000i\000c\000u\000l\000u\000m\000.\000j\000s\000\040\000F\000i\000l\000e\000\040\000R\000e\000f\000e\000r\000e\000n\000c\000e}{section.8}% 86
\BOOKMARK [3][-]{subsubsection.8.9.1}{\376\377\0008\000.\0009\000.\0001\000\040\000D\000e\000t\000a\000i\000l\000e\000d\000\040\000D\000e\000s\000c\000r\000i\000p\000t\000i\000o\000n}{subsection.8.9}% 87
\BOOKMARK [3][-]{subsubsection.8.9.2}{\376\377\0008\000.\0009\000.\0002\000\040\000F\000u\000n\000c\000t\000i\000o\000n\000\040\000D\000o\000c\000u\000m\000e\000n\000t\000a\000t\000i\000o\000n}{subsection.8.9}% 88
